<?xml version="1.0" encoding="UTF-8"?>
<!-- Generated by org.testng.reporters.JUnitReportReporter -->
<testsuite skipped="0" hostname="DESKTOP-SR7A7MR" name="com.training.sanity.tests.TC2_AddCategoryTests" tests="1" failures="0" timestamp="25 Nov 2019 15:33:16 GMT" time="69.927" errors="0">
  <testcase name="validLoginTest" time="69.927" classname="com.training.sanity.tests.TC2_AddCategoryTests"/>
</testsuite> <!-- com.training.sanity.tests.TC2_AddCategoryTests -->
