<?xml version="1.0" encoding="UTF-8"?>
<!-- Generated by org.testng.reporters.JUnitReportReporter -->
<testsuite skipped="0" hostname="DESKTOP-SR7A7MR" name="com.training.sanity.tests.TC3_PublishPostTests" tests="1" failures="0" timestamp="25 Nov 2019 17:38:02 GMT" time="63.505" errors="0">
  <testcase name="validLoginTest" time="63.505" classname="com.training.sanity.tests.TC3_PublishPostTests"/>
</testsuite> <!-- com.training.sanity.tests.TC3_PublishPostTests -->
